# JRE version: OpenJDK Runtime Environment (11.0.8+10) (build 11.0.8+10)
# Java VM: OpenJDK 64-Bit Server VM (11.0.8+10, mixed mode, tiered, compressed oops, parallel gc, linux-amd64)
Heap:
 PSYoungGen      total 8192K, used 5780K [0x00000000eab00000, 0x00000000eb780000, 0x0000000100000000)
  eden space 6656K, 64% used [0x00000000eab00000,0x00000000eaf29048,0x00000000eb180000)
  from space 1536K, 98% used [0x00000000eb600000,0x00000000eb77c010,0x00000000eb780000)
  to   space 2560K, 0% used [0x00000000eb280000,0x00000000eb280000,0x00000000eb500000)
 ParOldGen       total 260096K, used 214207K [0x00000000c0000000, 0x00000000cfe00000, 0x00000000eab00000)
  object space 260096K, 82% used [0x00000000c0000000,0x00000000cd12ffa0,0x00000000cfe00000)
 Metaspace       used 90008K, capacity 93420K, committed 93656K, reserved 1132544K
  class space    used 9201K, capacity 10459K, committed 10496K, reserved 1048576K
GC Heap History (20 events):
Event: 750.813 GC heap before
{Heap before GC invocations=1537 (full 33):
 PSYoungGen      total 9728K, used 9488K [0x00000000eab00000, 0x00000000eb900000, 0x0000000100000000)
  eden space 7680K, 100% used [0x00000000eab00000,0x00000000eb280000,0x00000000eb280000)
  from space 2048K, 88% used [0x00000000eb700000,0x00000000eb8c4010,0x00000000eb900000)
  to   space 2560K, 0% used [0x00000000eb400000,0x00000000eb400000,0x00000000eb680000)
 ParOldGen       total 262144K, used 246100K [0x00000000c0000000, 0x00000000d0000000, 0x00000000eab00000)
  object space 262144K, 93% used [0x00000000c0000000,0x00000000cf055388,0x00000000d0000000)
 Metaspace       used 90008K, capacity 93420K, committed 93656K, reserved 1132544K
  class space    used 9201K, capacity 10459K, committed 10496K, reserved 1048576K
}
Event: 750.816 GC heap after
{Heap after GC invocations=1537 (full 33):
 PSYoungGen      total 10240K, used 2539K [0x00000000eab00000, 0x00000000eb880000, 0x0000000100000000)
  eden space 7680K, 0% used [0x00000000eab00000,0x00000000eab00000,0x00000000eb280000)
  from space 2560K, 99% used [0x00000000eb400000,0x00000000eb67aff0,0x00000000eb680000)
  to   space 2048K, 0% used [0x00000000eb680000,0x00000000eb680000,0x00000000eb880000)
 ParOldGen       total 262144K, used 247540K [0x00000000c0000000, 0x00000000d0000000, 0x00000000eab00000)
  object space 262144K, 94% used [0x00000000c0000000,0x00000000cf1bd3a8,0x00000000d0000000)
 Metaspace       used 90008K, capacity 93420K, committed 93656K, reserved 1132544K
  class space    used 9201K, capacity 10459K, committed 10496K, reserved 1048576K
}
Event: 750.829 GC heap before
{Heap before GC invocations=1538 (full 33):
 PSYoungGen      total 10240K, used 10219K [0x00000000eab00000, 0x00000000eb880000, 0x0000000100000000)
  eden space 7680K, 100% used [0x00000000eab00000,0x00000000eb280000,0x00000000eb280000)
  from space 2560K, 99% used [0x00000000eb400000,0x00000000eb67aff0,0x00000000eb680000)
  to   space 2048K, 0% used [0x00000000eb680000,0x00000000eb680000,0x00000000eb880000)
 ParOldGen       total 262144K, used 247540K [0x00000000c0000000, 0x00000000d0000000, 0x00000000eab00000)
  object space 262144K, 94% used [0x00000000c0000000,0x00000000cf1bd3a8,0x00000000d0000000)
 Metaspace       used 90008K, capacity 93420K, committed 93656K, reserved 1132544K
  class space    used 9201K, capacity 10459K, committed 10496K, reserved 1048576K
}
Event: 750.832 GC heap after
{Heap after GC invocations=1538 (full 33):
 PSYoungGen      total 9728K, used 1552K [0x00000000eab00000, 0x00000000eb880000, 0x0000000100000000)
  eden space 7680K, 0% used [0x00000000eab00000,0x00000000eab00000,0x00000000eb280000)
  from space 2048K, 75% used [0x00000000eb680000,0x00000000eb804010,0x00000000eb880000)
  to   space 2048K, 0% used [0x00000000eb480000,0x00000000eb480000,0x00000000eb680000)
 ParOldGen       total 262144K, used 249920K [0x00000000c0000000, 0x00000000d0000000, 0x00000000eab00000)
  object space 262144K, 95% used [0x00000000c0000000,0x00000000cf4102a8,0x00000000d0000000)
 Metaspace       used 90008K, capacity 93420K, committed 93656K, reserved 1132544K
  class space    used 9201K, capacity 10459K, committed 10496K, reserved 1048576K
}
Event: 750.847 GC heap before
{Heap before GC invocations=1539 (full 33):
 PSYoungGen      total 9728K, used 9232K [0x00000000eab00000, 0x00000000eb880000, 0x0000000100000000)
  eden space 7680K, 100% used [0x00000000eab00000,0x00000000eb280000,0x00000000eb280000)
  from space 2048K, 75% used [0x00000000eb680000,0x00000000eb804010,0x00000000eb880000)
  to   space 2048K, 0% used [0x00000000eb480000,0x00000000eb480000,0x00000000eb680000)
 ParOldGen       total 262144K, used 249920K [0x00000000c0000000, 0x00000000d0000000, 0x00000000eab00000)
  object space 262144K, 95% used [0x00000000c0000000,0x00000000cf4102a8,0x00000000d0000000)
 Metaspace       used 90008K, capacity 93420K, committed 93656K, reserved 1132544K
  class space    used 9201K, capacity 10459K, committed 10496K, reserved 1048576K
}
Event: 750.850 GC heap after
{Heap after GC invocations=1539 (full 33):
 PSYoungGen      total 9728K, used 2027K [0x00000000eab00000, 0x00000000eba80000, 0x0000000100000000)
  eden space 7680K, 0% used [0x00000000eab00000,0x00000000eab00000,0x00000000eb280000)
  from space 2048K, 99% used [0x00000000eb480000,0x00000000eb67aff0,0x00000000eb680000)
  to   space 4096K, 0% used [0x00000000eb680000,0x00000000eb680000,0x00000000eba80000)
 ParOldGen       total 262144K, used 251564K [0x00000000c0000000, 0x00000000d0000000, 0x00000000eab00000)
  object space 262144K, 95% used [0x00000000c0000000,0x00000000cf5ab2f8,0x00000000d0000000)
 Metaspace       used 90008K, capacity 93420K, committed 93656K, reserved 1132544K
  class space    used 9201K, capacity 10459K, committed 10496K, reserved 1048576K
}
Event: 750.864 GC heap before
{Heap before GC invocations=1540 (full 33):
 PSYoungGen      total 9728K, used 9707K [0x00000000eab00000, 0x00000000eba80000, 0x0000000100000000)
  eden space 7680K, 100% used [0x00000000eab00000,0x00000000eb280000,0x00000000eb280000)
  from space 2048K, 99% used [0x00000000eb480000,0x00000000eb67aff0,0x00000000eb680000)
  to   space 4096K, 0% used [0x00000000eb680000,0x00000000eb680000,0x00000000eba80000)
 ParOldGen       total 262144K, used 251564K [0x00000000c0000000, 0x00000000d0000000, 0x00000000eab00000)
  object space 262144K, 95% used [0x00000000c0000000,0x00000000cf5ab2f8,0x00000000d0000000)
 Metaspace       used 90008K, capacity 93420K, committed 93656K, reserved 1132544K
  class space    used 9201K, capacity 10459K, committed 10496K, reserved 1048576K
}
Event: 750.866 GC heap after
{Heap after GC invocations=1540 (full 33):
 PSYoungGen      total 9216K, used 1216K [0x00000000eab00000, 0x00000000eb800000, 0x0000000100000000)
  eden space 7680K, 0% used [0x00000000eab00000,0x00000000eab00000,0x00000000eb280000)
  from space 1536K, 79% used [0x00000000eb680000,0x00000000eb7b0000,0x00000000eb800000)
  to   space 2560K, 0% used [0x00000000eb300000,0x00000000eb300000,0x00000000eb580000)
 ParOldGen       total 262144K, used 253545K [0x00000000c0000000, 0x00000000d0000000, 0x00000000eab00000)
  object space 262144K, 96% used [0x00000000c0000000,0x00000000cf79a588,0x00000000d0000000)
 Metaspace       used 90008K, capacity 93420K, committed 93656K, reserved 1132544K
  class space    used 9201K, capacity 10459K, committed 10496K, reserved 1048576K
}
Event: 750.880 GC heap before
{Heap before GC invocations=1541 (full 33):
 PSYoungGen      total 9216K, used 8896K [0x00000000eab00000, 0x00000000eb800000, 0x0000000100000000)
  eden space 7680K, 100% used [0x00000000eab00000,0x00000000eb280000,0x00000000eb280000)
  from space 1536K, 79% used [0x00000000eb680000,0x00000000eb7b0000,0x00000000eb800000)
  to   space 2560K, 0% used [0x00000000eb300000,0x00000000eb300000,0x00000000eb580000)
 ParOldGen       total 262144K, used 253545K [0x00000000c0000000, 0x00000000d0000000, 0x00000000eab00000)
  object space 262144K, 96% used [0x00000000c0000000,0x00000000cf79a588,0x00000000d0000000)
 Metaspace       used 90008K, capacity 93420K, committed 93656K, reserved 1132544K
  class space    used 9201K, capacity 10459K, committed 10496K, reserved 1048576K
}
Event: 750.883 GC heap after
{Heap after GC invocations=1541 (full 33):
 PSYoungGen      total 10240K, used 2539K [0x00000000eab00000, 0x00000000eba80000, 0x0000000100000000)
  eden space 7680K, 0% used [0x00000000eab00000,0x00000000eab00000,0x00000000eb280000)
  from space 2560K, 99% used [0x00000000eb300000,0x00000000eb57afd0,0x00000000eb580000)
  to   space 4096K, 0% used [0x00000000eb680000,0x00000000eb680000,0x00000000eba80000)
 ParOldGen       total 262144K, used 254621K [0x00000000c0000000, 0x00000000d0000000, 0x00000000eab00000)
  object space 262144K, 97% used [0x00000000c0000000,0x00000000cf8a75a8,0x00000000d0000000)
 Metaspace       used 90008K, capacity 93420K, committed 93656K, reserved 1132544K
  class space    used 9201K, capacity 10459K, committed 10496K, reserved 1048576K
}
Event: 750.897 GC heap before
{Heap before GC invocations=1542 (full 33):
 PSYoungGen      total 10240K, used 10219K [0x00000000eab00000, 0x00000000eba80000, 0x0000000100000000)
  eden space 7680K, 100% used [0x00000000eab00000,0x00000000eb280000,0x00000000eb280000)
  from space 2560K, 99% used [0x00000000eb300000,0x00000000eb57afd0,0x00000000eb580000)
  to   space 4096K, 0% used [0x00000000eb680000,0x00000000eb680000,0x00000000eba80000)
 ParOldGen       total 262144K, used 254621K [0x00000000c0000000, 0x00000000d0000000, 0x00000000eab00000)
  object space 262144K, 97% used [0x00000000c0000000,0x00000000cf8a75a8,0x00000000d0000000)
 Metaspace       used 90008K, capacity 93420K, committed 93656K, reserved 1132544K
  class space    used 9201K, capacity 10459K, committed 10496K, reserved 1048576K
}
Event: 750.899 GC heap after
{Heap after GC invocations=1542 (full 33):
 PSYoungGen      total 9728K, used 1866K [0x00000000eab00000, 0x00000000eb880000, 0x0000000100000000)
  eden space 7680K, 0% used [0x00000000eab00000,0x00000000eab00000,0x00000000eb280000)
  from space 2048K, 91% used [0x00000000eb680000,0x00000000eb852910,0x00000000eb880000)
  to   space 2560K, 0% used [0x00000000eb380000,0x00000000eb380000,0x00000000eb600000)
 ParOldGen       total 262144K, used 256918K [0x00000000c0000000, 0x00000000d0000000, 0x00000000eab00000)
  object space 262144K, 98% used [0x00000000c0000000,0x00000000cfae58c8,0x00000000d0000000)
 Metaspace       used 90008K, capacity 93420K, committed 93656K, reserved 1132544K
  class space    used 9201K, capacity 10459K, committed 10496K, reserved 1048576K
}
Event: 750.912 GC heap before
{Heap before GC invocations=1543 (full 33):
 PSYoungGen      total 9728K, used 9546K [0x00000000eab00000, 0x00000000eb880000, 0x0000000100000000)
  eden space 7680K, 100% used [0x00000000eab00000,0x00000000eb280000,0x00000000eb280000)
  from space 2048K, 91% used [0x00000000eb680000,0x00000000eb852910,0x00000000eb880000)
  to   space 2560K, 0% used [0x00000000eb380000,0x00000000eb380000,0x00000000eb600000)
 ParOldGen       total 262144K, used 256918K [0x00000000c0000000, 0x00000000d0000000, 0x00000000eab00000)
  object space 262144K, 98% used [0x00000000c0000000,0x00000000cfae58c8,0x00000000d0000000)
 Metaspace       used 90008K, capacity 93420K, committed 93656K, reserved 1132544K
  class space    used 9201K, capacity 10459K, committed 10496K, reserved 1048576K
}
Event: 750.915 GC heap after
{Heap after GC invocations=1543 (full 33):
 PSYoungGen      total 10240K, used 2128K [0x00000000eab00000, 0x00000000eb780000, 0x0000000100000000)
  eden space 7680K, 0% used [0x00000000eab00000,0x00000000eab00000,0x00000000eb280000)
  from space 2560K, 83% used [0x00000000eb380000,0x00000000eb594010,0x00000000eb600000)
  to   space 1536K, 0% used [0x00000000eb600000,0x00000000eb600000,0x00000000eb780000)
 ParOldGen       total 262144K, used 258641K [0x00000000c0000000, 0x00000000d0000000, 0x00000000eab00000)
  object space 262144K, 98% used [0x00000000c0000000,0x00000000cfc947d8,0x00000000d0000000)
 Metaspace       used 90008K, capacity 93420K, committed 93656K, reserved 1132544K
  class space    used 9201K, capacity 10459K, committed 10496K, reserved 1048576K
}
Event: 750.929 GC heap before
{Heap before GC invocations=1544 (full 33):
 PSYoungGen      total 10240K, used 9808K [0x00000000eab00000, 0x00000000eb780000, 0x0000000100000000)
  eden space 7680K, 100% used [0x00000000eab00000,0x00000000eb280000,0x00000000eb280000)
  from space 2560K, 83% used [0x00000000eb380000,0x00000000eb594010,0x00000000eb600000)
  to   space 1536K, 0% used [0x00000000eb600000,0x00000000eb600000,0x00000000eb780000)
 ParOldGen       total 262144K, used 258641K [0x00000000c0000000, 0x00000000d0000000, 0x00000000eab00000)
  object space 262144K, 98% used [0x00000000c0000000,0x00000000cfc947d8,0x00000000d0000000)
 Metaspace       used 90008K, capacity 93420K, committed 93656K, reserved 1132544K
  class space    used 9201K, capacity 10459K, committed 10496K, reserved 1048576K
}
Event: 750.931 GC heap after
{Heap after GC invocations=1544 (full 33):
 PSYoungGen      total 8192K, used 1521K [0x00000000eab00000, 0x00000000ebb80000, 0x0000000100000000)
  eden space 6656K, 0% used [0x00000000eab00000,0x00000000eab00000,0x00000000eb180000)
  from space 1536K, 99% used [0x00000000eb600000,0x00000000eb77c6d0,0x00000000eb780000)
  to   space 4608K, 0% used [0x00000000eb180000,0x00000000eb180000,0x00000000eb600000)
 ParOldGen       total 262144K, used 260958K [0x00000000c0000000, 0x00000000d0000000, 0x00000000eab00000)
  object space 262144K, 99% used [0x00000000c0000000,0x00000000cfed7828,0x00000000d0000000)
 Metaspace       used 90008K, capacity 93420K, committed 93656K, reserved 1132544K
  class space    used 9201K, capacity 10459K, committed 10496K, reserved 1048576K
}
Event: 750.931 GC heap before
{Heap before GC invocations=1545 (full 34):
 PSYoungGen      total 8192K, used 1521K [0x00000000eab00000, 0x00000000ebb80000, 0x0000000100000000)
  eden space 6656K, 0% used [0x00000000eab00000,0x00000000eab00000,0x00000000eb180000)
  from space 1536K, 99% used [0x00000000eb600000,0x00000000eb77c6d0,0x00000000eb780000)
  to   space 4608K, 0% used [0x00000000eb180000,0x00000000eb180000,0x00000000eb600000)
 ParOldGen       total 262144K, used 260958K [0x00000000c0000000, 0x00000000d0000000, 0x00000000eab00000)
  object space 262144K, 99% used [0x00000000c0000000,0x00000000cfed7828,0x00000000d0000000)
 Metaspace       used 90008K, capacity 93420K, committed 93656K, reserved 1132544K
  class space    used 9201K, capacity 10459K, committed 10496K, reserved 1048576K
}
Event: 751.001 GC heap after
{Heap after GC invocations=1545 (full 34):
 PSYoungGen      total 11264K, used 0K [0x00000000eab00000, 0x00000000eba80000, 0x0000000100000000)
  eden space 6656K, 0% used [0x00000000eab00000,0x00000000eab00000,0x00000000eb180000)
  from space 4608K, 0% used [0x00000000eb180000,0x00000000eb180000,0x00000000eb600000)
  to   space 4608K, 0% used [0x00000000eb600000,0x00000000eb600000,0x00000000eba80000)
 ParOldGen       total 260096K, used 214207K [0x00000000c0000000, 0x00000000cfe00000, 0x00000000eab00000)
  object space 260096K, 82% used [0x00000000c0000000,0x00000000cd12ffa0,0x00000000cfe00000)
 Metaspace       used 90008K, capacity 93420K, committed 93656K, reserved 1132544K
  class space    used 9201K, capacity 10459K, committed 10496K, reserved 1048576K
}
Event: 751.015 GC heap before
{Heap before GC invocations=1546 (full 34):
 PSYoungGen      total 11264K, used 6656K [0x00000000eab00000, 0x00000000eba80000, 0x0000000100000000)
  eden space 6656K, 100% used [0x00000000eab00000,0x00000000eb180000,0x00000000eb180000)
  from space 4608K, 0% used [0x00000000eb180000,0x00000000eb180000,0x00000000eb600000)
  to   space 4608K, 0% used [0x00000000eb600000,0x00000000eb600000,0x00000000eba80000)
 ParOldGen       total 260096K, used 214207K [0x00000000c0000000, 0x00000000cfe00000, 0x00000000eab00000)
  object space 260096K, 82% used [0x00000000c0000000,0x00000000cd12ffa0,0x00000000cfe00000)
 Metaspace       used 90008K, capacity 93420K, committed 93656K, reserved 1132544K
  class space    used 9201K, capacity 10459K, committed 10496K, reserved 1048576K
}
Event: 751.016 GC heap after
{Heap after GC invocations=1546 (full 34):
 PSYoungGen      total 8192K, used 1520K [0x00000000eab00000, 0x00000000eb780000, 0x0000000100000000)
  eden space 6656K, 0% used [0x00000000eab00000,0x00000000eab00000,0x00000000eb180000)
  from space 1536K, 98% used [0x00000000eb600000,0x00000000eb77c010,0x00000000eb780000)
  to   space 2560K, 0% used [0x00000000eb280000,0x00000000eb280000,0x00000000eb500000)
 ParOldGen       total 260096K, used 214207K [0x00000000c0000000, 0x00000000cfe00000, 0x00000000eab00000)
  object space 260096K, 82% used [0x00000000c0000000,0x00000000cd12ffa0,0x00000000cfe00000)
 Metaspace       used 90008K, capacity 93420K, committed 93656K, reserved 1132544K
  class space    used 9201K, capacity 10459K, committed 10496K, reserved 1048576K
}

